0 verbose cli /home/fxh/.nvm/versions/node/v25.2.0/bin/node /home/fxh/.nvm/versions/node/v25.2.0/bin/npm
1 info using npm@11.6.2
2 info using node@v25.2.0
3 silly config load:file:/home/fxh/.nvm/versions/node/v25.2.0/lib/node_modules/npm/npmrc
4 silly config load:file:/home/fxh/code/codeAgentLauncher/agent-launch/npm/.npmrc
5 silly config load:file:/home/fxh/.npmrc
6 silly config load:file:/home/fxh/.nvm/versions/node/v25.2.0/etc/npmrc
7 verbose title npm pack
8 verbose argv "pack" "--dry-run"
9 verbose logfile logs-max:10 dir:/home/fxh/code/codeAgentLauncher/agent-launch/npm/.npm-cache/_logs/2026-02-14T05_59_16_220Z-
10 verbose logfile /home/fxh/code/codeAgentLauncher/agent-launch/npm/.npm-cache/_logs/2026-02-14T05_59_16_220Z-debug-0.log
11 silly logfile done cleaning log files
12 http fetch GET https://registry.npmjs.org/npm attempt 1 failed with EPERM
13 silly packumentCache heap:4496293888 maxSize:1124073472 maxEntrySize:562036736
14 notice
15 notice 📦  spark-agent-launcher@0.1.0
16 notice Tarball Contents
17 notice 1.1kB README.md
17 notice 2.7kB bin/install.js
17 notice 694B bin/spark.js
17 notice 1B dist/.gitkeep
17 notice 522B package.json
18 notice Tarball Details
19 notice name: spark-agent-launcher
20 notice version: 0.1.0
21 notice filename: spark-agent-launcher-0.1.0.tgz
22 notice package size: 2.2 kB
23 notice unpacked size: 5.0 kB
24 notice shasum: 77e6b3467f1a5f3840c4546abe2a3b4905687a91
25 notice integrity: sha512-HE+sgoQLEJ9tU[...]2RPrpbQ/QR9fA==
26 notice total files: 5
27 notice
28 verbose cwd /home/fxh/code/codeAgentLauncher/agent-launch/npm
29 verbose os Linux 6.6.87.2-microsoft-standard-WSL2
30 verbose node v25.2.0
31 verbose npm  v11.6.2
32 verbose exit 0
33 info ok
